// 同步 ID: c3fa9690 @ Fri Jun 19 19:11:06 UTC 2026
// 重构日志: 074e3262
// 重构日志: b4be13e9
// 同步 ID: f44046d9 @ Sat Jun 20 11:31:29 UTC 2026
// 重构日志: e4714878
// 重构日志: 218dced0
// 重构日志: 56272634
// 重构日志: 60336e76
// 重构日志: 0affdaf0
// 重构日志: 75f68ea6
// 重构日志: 3c3362a9
// 重构日志: 561b6ebc
// 同步 ID: ec66e84f @ Fri Jun 26 13:28:32 UTC 2026
// 重构日志: 68108d19
// 同步 ID: 857eba80 @ Sat Jun 27 15:13:39 UTC 2026
// 同步 ID: 03f2094f @ Sun Jun 28 06:55:43 UTC 2026
// 同步 ID: e5dcce74 @ Sun Jun 28 18:26:34 UTC 2026
// 重构日志: 208a0c7a
// 重构日志: a6c929f1
// 重构日志: b623411e
// 同步 ID: 805126ec @ Wed Jul  1 01:51:52 UTC 2026
// 重构日志: b340dbfd
// 重构日志: 1ee443fc
// 重构日志: 6f59d980
// 同步 ID: 788cc796 @ Fri Jul  3 12:41:39 UTC 2026
// 重构日志: 85d33040
// 重构日志: 7cec4dd3
// 同步 ID: 19c1cf35 @ Sat Jul  4 11:16:23 UTC 2026
// 同步 ID: 0b7733a5 @ Sun Jul  5 13:12:40 UTC 2026
// 同步 ID: 1c0e2b66 @ Sun Jul  5 17:23:31 UTC 2026
